[2025-07-07 00:02:43] local.ERROR: The "--locale" option does not exist. {"exception":"[object] (Symfony\\Component\\Console\\Exception\\RuntimeException(code: 0): The \"--locale\" option does not exist. at D:\\alaya\\laragon\\www\\bitaqati-laravel-vue-project-backoffice\\bitaqati\\vendor\\symfony\\console\\Input\\ArgvInput.php:223)
[stacktrace]
#0 D:\\alaya\\laragon\\www\\bitaqati-laravel-vue-project-backoffice\\bitaqati\\vendor\\symfony\\console\\Input\\ArgvInput.php(150): Symfony\\Component\\Console\\Input\\ArgvInput->addLongOption('locale', 'ar')
#1 D:\\alaya\\laragon\\www\\bitaqati-laravel-vue-project-backoffice\\bitaqati\\vendor\\symfony\\console\\Input\\ArgvInput.php(85): Symfony\\Component\\Console\\Input\\ArgvInput->parseLongOption('--locale=ar')
#2 D:\\alaya\\laragon\\www\\bitaqati-laravel-vue-project-backoffice\\bitaqati\\vendor\\symfony\\console\\Input\\ArgvInput.php(74): Symfony\\Component\\Console\\Input\\ArgvInput->parseToken('--locale=ar', true)
#3 D:\\alaya\\laragon\\www\\bitaqati-laravel-vue-project-backoffice\\bitaqati\\vendor\\symfony\\console\\Input\\Input.php(56): Symfony\\Component\\Console\\Input\\ArgvInput->parse()
#4 D:\\alaya\\laragon\\www\\bitaqati-laravel-vue-project-backoffice\\bitaqati\\vendor\\symfony\\console\\Command\\Command.php(285): Symfony\\Component\\Console\\Input\\Input->bind(Object(Symfony\\Component\\Console\\Input\\InputDefinition))
#5 D:\\alaya\\laragon\\www\\bitaqati-laravel-vue-project-backoffice\\bitaqati\\vendor\\laravel\\framework\\src\\Illuminate\\Console\\Command.php(181): Symfony\\Component\\Console\\Command\\Command->run(Object(Symfony\\Component\\Console\\Input\\ArgvInput), Object(Illuminate\\Console\\OutputStyle))
#6 D:\\alaya\\laragon\\www\\bitaqati-laravel-vue-project-backoffice\\bitaqati\\vendor\\symfony\\console\\Application.php(1096): Illuminate\\Console\\Command->run(Object(Symfony\\Component\\Console\\Input\\ArgvInput), Object(Symfony\\Component\\Console\\Output\\ConsoleOutput))
#7 D:\\alaya\\laragon\\www\\bitaqati-laravel-vue-project-backoffice\\bitaqati\\vendor\\symfony\\console\\Application.php(324): Symfony\\Component\\Console\\Application->doRunCommand(Object(Illuminate\\Foundation\\Console\\LangPublishCommand), Object(Symfony\\Component\\Console\\Input\\ArgvInput), Object(Symfony\\Component\\Console\\Output\\ConsoleOutput))
#8 D:\\alaya\\laragon\\www\\bitaqati-laravel-vue-project-backoffice\\bitaqati\\vendor\\symfony\\console\\Application.php(175): Symfony\\Component\\Console\\Application->doRun(Object(Symfony\\Component\\Console\\Input\\ArgvInput), Object(Symfony\\Component\\Console\\Output\\ConsoleOutput))
#9 D:\\alaya\\laragon\\www\\bitaqati-laravel-vue-project-backoffice\\bitaqati\\vendor\\laravel\\framework\\src\\Illuminate\\Foundation\\Console\\Kernel.php(201): Symfony\\Component\\Console\\Application->run(Object(Symfony\\Component\\Console\\Input\\ArgvInput), Object(Symfony\\Component\\Console\\Output\\ConsoleOutput))
#10 D:\\alaya\\laragon\\www\\bitaqati-laravel-vue-project-backoffice\\bitaqati\\artisan(37): Illuminate\\Foundation\\Console\\Kernel->handle(Object(Symfony\\Component\\Console\\Input\\ArgvInput), Object(Symfony\\Component\\Console\\Output\\ConsoleOutput))
#11 {main}
"} 
[2025-07-07 17:12:55] local.ERROR: The "--table" option does not exist. {"exception":"[object] (Symfony\\Component\\Console\\Exception\\RuntimeException(code: 0): The \"--table\" option does not exist. at D:\\alaya\\laragon\\www\\bitaqati-laravel-vue-project-backoffice\\bitaqati\\vendor\\symfony\\console\\Input\\ArgvInput.php:223)
[stacktrace]
#0 D:\\alaya\\laragon\\www\\bitaqati-laravel-vue-project-backoffice\\bitaqati\\vendor\\symfony\\console\\Input\\ArgvInput.php(150): Symfony\\Component\\Console\\Input\\ArgvInput->addLongOption('table', 'contacts')
#1 D:\\alaya\\laragon\\www\\bitaqati-laravel-vue-project-backoffice\\bitaqati\\vendor\\symfony\\console\\Input\\ArgvInput.php(85): Symfony\\Component\\Console\\Input\\ArgvInput->parseLongOption('--table=contact...')
#2 D:\\alaya\\laragon\\www\\bitaqati-laravel-vue-project-backoffice\\bitaqati\\vendor\\symfony\\console\\Input\\ArgvInput.php(74): Symfony\\Component\\Console\\Input\\ArgvInput->parseToken('--table=contact...', true)
#3 D:\\alaya\\laragon\\www\\bitaqati-laravel-vue-project-backoffice\\bitaqati\\vendor\\symfony\\console\\Input\\Input.php(56): Symfony\\Component\\Console\\Input\\ArgvInput->parse()
#4 D:\\alaya\\laragon\\www\\bitaqati-laravel-vue-project-backoffice\\bitaqati\\vendor\\symfony\\console\\Command\\Command.php(285): Symfony\\Component\\Console\\Input\\Input->bind(Object(Symfony\\Component\\Console\\Input\\InputDefinition))
#5 D:\\alaya\\laragon\\www\\bitaqati-laravel-vue-project-backoffice\\bitaqati\\vendor\\laravel\\framework\\src\\Illuminate\\Console\\Command.php(181): Symfony\\Component\\Console\\Command\\Command->run(Object(Symfony\\Component\\Console\\Input\\ArgvInput), Object(Illuminate\\Console\\OutputStyle))
#6 D:\\alaya\\laragon\\www\\bitaqati-laravel-vue-project-backoffice\\bitaqati\\vendor\\symfony\\console\\Application.php(1096): Illuminate\\Console\\Command->run(Object(Symfony\\Component\\Console\\Input\\ArgvInput), Object(Symfony\\Component\\Console\\Output\\ConsoleOutput))
#7 D:\\alaya\\laragon\\www\\bitaqati-laravel-vue-project-backoffice\\bitaqati\\vendor\\symfony\\console\\Application.php(324): Symfony\\Component\\Console\\Application->doRunCommand(Object(Illuminate\\Database\\Console\\ShowCommand), Object(Symfony\\Component\\Console\\Input\\ArgvInput), Object(Symfony\\Component\\Console\\Output\\ConsoleOutput))
#8 D:\\alaya\\laragon\\www\\bitaqati-laravel-vue-project-backoffice\\bitaqati\\vendor\\symfony\\console\\Application.php(175): Symfony\\Component\\Console\\Application->doRun(Object(Symfony\\Component\\Console\\Input\\ArgvInput), Object(Symfony\\Component\\Console\\Output\\ConsoleOutput))
#9 D:\\alaya\\laragon\\www\\bitaqati-laravel-vue-project-backoffice\\bitaqati\\vendor\\laravel\\framework\\src\\Illuminate\\Foundation\\Console\\Kernel.php(201): Symfony\\Component\\Console\\Application->run(Object(Symfony\\Component\\Console\\Input\\ArgvInput), Object(Symfony\\Component\\Console\\Output\\ConsoleOutput))
#10 D:\\alaya\\laragon\\www\\bitaqati-laravel-vue-project-backoffice\\bitaqati\\artisan(37): Illuminate\\Foundation\\Console\\Kernel->handle(Object(Symfony\\Component\\Console\\Input\\ArgvInput), Object(Symfony\\Component\\Console\\Output\\ConsoleOutput))
#11 {main}
"} 
[2025-07-07 17:25:58] local.ERROR: PHP Parse error: Syntax error, unexpected T_NS_SEPARATOR on line 1 {"exception":"[object] (Psy\\Exception\\ParseErrorException(code: 0): PHP Parse error: Syntax error, unexpected T_NS_SEPARATOR on line 1 at D:\\alaya\\laragon\\www\\bitaqati-laravel-vue-project-backoffice\\bitaqati\\vendor\\psy\\psysh\\src\\Exception\\ParseErrorException.php:44)
[stacktrace]
#0 D:\\alaya\\laragon\\www\\bitaqati-laravel-vue-project-backoffice\\bitaqati\\vendor\\psy\\psysh\\src\\CodeCleaner.php(306): Psy\\Exception\\ParseErrorException::fromParseError(Object(PhpParser\\Error))
#1 D:\\alaya\\laragon\\www\\bitaqati-laravel-vue-project-backoffice\\bitaqati\\vendor\\psy\\psysh\\src\\CodeCleaner.php(240): Psy\\CodeCleaner->parse('<?php echo 'Tes...', false)
#2 D:\\alaya\\laragon\\www\\bitaqati-laravel-vue-project-backoffice\\bitaqati\\vendor\\psy\\psysh\\src\\Shell.php(852): Psy\\CodeCleaner->clean(Array, false)
#3 D:\\alaya\\laragon\\www\\bitaqati-laravel-vue-project-backoffice\\bitaqati\\vendor\\psy\\psysh\\src\\Shell.php(881): Psy\\Shell->addCode('echo 'Testing e...', true)
#4 D:\\alaya\\laragon\\www\\bitaqati-laravel-vue-project-backoffice\\bitaqati\\vendor\\psy\\psysh\\src\\Shell.php(1390): Psy\\Shell->setCode('echo 'Testing e...', true)
#5 D:\\alaya\\laragon\\www\\bitaqati-laravel-vue-project-backoffice\\bitaqati\\vendor\\laravel\\tinker\\src\\Console\\TinkerCommand.php(76): Psy\\Shell->execute('echo 'Testing e...')
#6 D:\\alaya\\laragon\\www\\bitaqati-laravel-vue-project-backoffice\\bitaqati\\vendor\\laravel\\framework\\src\\Illuminate\\Container\\BoundMethod.php(36): Laravel\\Tinker\\Console\\TinkerCommand->handle()
#7 D:\\alaya\\laragon\\www\\bitaqati-laravel-vue-project-backoffice\\bitaqati\\vendor\\laravel\\framework\\src\\Illuminate\\Container\\Util.php(41): Illuminate\\Container\\BoundMethod::Illuminate\\Container\\{closure}()
#8 D:\\alaya\\laragon\\www\\bitaqati-laravel-vue-project-backoffice\\bitaqati\\vendor\\laravel\\framework\\src\\Illuminate\\Container\\BoundMethod.php(93): Illuminate\\Container\\Util::unwrapIfClosure(Object(Closure))
#9 D:\\alaya\\laragon\\www\\bitaqati-laravel-vue-project-backoffice\\bitaqati\\vendor\\laravel\\framework\\src\\Illuminate\\Container\\BoundMethod.php(37): Illuminate\\Container\\BoundMethod::callBoundMethod(Object(Illuminate\\Foundation\\Application), Array, Object(Closure))
#10 D:\\alaya\\laragon\\www\\bitaqati-laravel-vue-project-backoffice\\bitaqati\\vendor\\laravel\\framework\\src\\Illuminate\\Container\\Container.php(662): Illuminate\\Container\\BoundMethod::call(Object(Illuminate\\Foundation\\Application), Array, Array, NULL)
#11 D:\\alaya\\laragon\\www\\bitaqati-laravel-vue-project-backoffice\\bitaqati\\vendor\\laravel\\framework\\src\\Illuminate\\Console\\Command.php(211): Illuminate\\Container\\Container->call(Array)
#12 D:\\alaya\\laragon\\www\\bitaqati-laravel-vue-project-backoffice\\bitaqati\\vendor\\symfony\\console\\Command\\Command.php(326): Illuminate\\Console\\Command->execute(Object(Symfony\\Component\\Console\\Input\\ArgvInput), Object(Illuminate\\Console\\OutputStyle))
#13 D:\\alaya\\laragon\\www\\bitaqati-laravel-vue-project-backoffice\\bitaqati\\vendor\\laravel\\framework\\src\\Illuminate\\Console\\Command.php(181): Symfony\\Component\\Console\\Command\\Command->run(Object(Symfony\\Component\\Console\\Input\\ArgvInput), Object(Illuminate\\Console\\OutputStyle))
#14 D:\\alaya\\laragon\\www\\bitaqati-laravel-vue-project-backoffice\\bitaqati\\vendor\\symfony\\console\\Application.php(1096): Illuminate\\Console\\Command->run(Object(Symfony\\Component\\Console\\Input\\ArgvInput), Object(Symfony\\Component\\Console\\Output\\ConsoleOutput))
#15 D:\\alaya\\laragon\\www\\bitaqati-laravel-vue-project-backoffice\\bitaqati\\vendor\\symfony\\console\\Application.php(324): Symfony\\Component\\Console\\Application->doRunCommand(Object(Laravel\\Tinker\\Console\\TinkerCommand), Object(Symfony\\Component\\Console\\Input\\ArgvInput), Object(Symfony\\Component\\Console\\Output\\ConsoleOutput))
#16 D:\\alaya\\laragon\\www\\bitaqati-laravel-vue-project-backoffice\\bitaqati\\vendor\\symfony\\console\\Application.php(175): Symfony\\Component\\Console\\Application->doRun(Object(Symfony\\Component\\Console\\Input\\ArgvInput), Object(Symfony\\Component\\Console\\Output\\ConsoleOutput))
#17 D:\\alaya\\laragon\\www\\bitaqati-laravel-vue-project-backoffice\\bitaqati\\vendor\\laravel\\framework\\src\\Illuminate\\Foundation\\Console\\Kernel.php(201): Symfony\\Component\\Console\\Application->run(Object(Symfony\\Component\\Console\\Input\\ArgvInput), Object(Symfony\\Component\\Console\\Output\\ConsoleOutput))
#18 D:\\alaya\\laragon\\www\\bitaqati-laravel-vue-project-backoffice\\bitaqati\\artisan(37): Illuminate\\Foundation\\Console\\Kernel->handle(Object(Symfony\\Component\\Console\\Input\\ArgvInput), Object(Symfony\\Component\\Console\\Output\\ConsoleOutput))
#19 {main}
"} 
[2025-07-07 17:40:56] local.ERROR: PHP Parse error: Syntax error, unexpected T_NS_SEPARATOR on line 1 {"exception":"[object] (Psy\\Exception\\ParseErrorException(code: 0): PHP Parse error: Syntax error, unexpected T_NS_SEPARATOR on line 1 at D:\\alaya\\laragon\\www\\bitaqati-laravel-vue-project-backoffice\\bitaqati\\vendor\\psy\\psysh\\src\\Exception\\ParseErrorException.php:44)
[stacktrace]
#0 D:\\alaya\\laragon\\www\\bitaqati-laravel-vue-project-backoffice\\bitaqati\\vendor\\psy\\psysh\\src\\CodeCleaner.php(306): Psy\\Exception\\ParseErrorException::fromParseError(Object(PhpParser\\Error))
#1 D:\\alaya\\laragon\\www\\bitaqati-laravel-vue-project-backoffice\\bitaqati\\vendor\\psy\\psysh\\src\\CodeCleaner.php(240): Psy\\CodeCleaner->parse('<?php echo 'Tes...', false)
#2 D:\\alaya\\laragon\\www\\bitaqati-laravel-vue-project-backoffice\\bitaqati\\vendor\\psy\\psysh\\src\\Shell.php(852): Psy\\CodeCleaner->clean(Array, false)
#3 D:\\alaya\\laragon\\www\\bitaqati-laravel-vue-project-backoffice\\bitaqati\\vendor\\psy\\psysh\\src\\Shell.php(881): Psy\\Shell->addCode('echo 'Testing r...', true)
#4 D:\\alaya\\laragon\\www\\bitaqati-laravel-vue-project-backoffice\\bitaqati\\vendor\\psy\\psysh\\src\\Shell.php(1390): Psy\\Shell->setCode('echo 'Testing r...', true)
#5 D:\\alaya\\laragon\\www\\bitaqati-laravel-vue-project-backoffice\\bitaqati\\vendor\\laravel\\tinker\\src\\Console\\TinkerCommand.php(76): Psy\\Shell->execute('echo 'Testing r...')
#6 D:\\alaya\\laragon\\www\\bitaqati-laravel-vue-project-backoffice\\bitaqati\\vendor\\laravel\\framework\\src\\Illuminate\\Container\\BoundMethod.php(36): Laravel\\Tinker\\Console\\TinkerCommand->handle()
#7 D:\\alaya\\laragon\\www\\bitaqati-laravel-vue-project-backoffice\\bitaqati\\vendor\\laravel\\framework\\src\\Illuminate\\Container\\Util.php(41): Illuminate\\Container\\BoundMethod::Illuminate\\Container\\{closure}()
#8 D:\\alaya\\laragon\\www\\bitaqati-laravel-vue-project-backoffice\\bitaqati\\vendor\\laravel\\framework\\src\\Illuminate\\Container\\BoundMethod.php(93): Illuminate\\Container\\Util::unwrapIfClosure(Object(Closure))
#9 D:\\alaya\\laragon\\www\\bitaqati-laravel-vue-project-backoffice\\bitaqati\\vendor\\laravel\\framework\\src\\Illuminate\\Container\\BoundMethod.php(37): Illuminate\\Container\\BoundMethod::callBoundMethod(Object(Illuminate\\Foundation\\Application), Array, Object(Closure))
#10 D:\\alaya\\laragon\\www\\bitaqati-laravel-vue-project-backoffice\\bitaqati\\vendor\\laravel\\framework\\src\\Illuminate\\Container\\Container.php(662): Illuminate\\Container\\BoundMethod::call(Object(Illuminate\\Foundation\\Application), Array, Array, NULL)
#11 D:\\alaya\\laragon\\www\\bitaqati-laravel-vue-project-backoffice\\bitaqati\\vendor\\laravel\\framework\\src\\Illuminate\\Console\\Command.php(211): Illuminate\\Container\\Container->call(Array)
#12 D:\\alaya\\laragon\\www\\bitaqati-laravel-vue-project-backoffice\\bitaqati\\vendor\\symfony\\console\\Command\\Command.php(326): Illuminate\\Console\\Command->execute(Object(Symfony\\Component\\Console\\Input\\ArgvInput), Object(Illuminate\\Console\\OutputStyle))
#13 D:\\alaya\\laragon\\www\\bitaqati-laravel-vue-project-backoffice\\bitaqati\\vendor\\laravel\\framework\\src\\Illuminate\\Console\\Command.php(181): Symfony\\Component\\Console\\Command\\Command->run(Object(Symfony\\Component\\Console\\Input\\ArgvInput), Object(Illuminate\\Console\\OutputStyle))
#14 D:\\alaya\\laragon\\www\\bitaqati-laravel-vue-project-backoffice\\bitaqati\\vendor\\symfony\\console\\Application.php(1096): Illuminate\\Console\\Command->run(Object(Symfony\\Component\\Console\\Input\\ArgvInput), Object(Symfony\\Component\\Console\\Output\\ConsoleOutput))
#15 D:\\alaya\\laragon\\www\\bitaqati-laravel-vue-project-backoffice\\bitaqati\\vendor\\symfony\\console\\Application.php(324): Symfony\\Component\\Console\\Application->doRunCommand(Object(Laravel\\Tinker\\Console\\TinkerCommand), Object(Symfony\\Component\\Console\\Input\\ArgvInput), Object(Symfony\\Component\\Console\\Output\\ConsoleOutput))
#16 D:\\alaya\\laragon\\www\\bitaqati-laravel-vue-project-backoffice\\bitaqati\\vendor\\symfony\\console\\Application.php(175): Symfony\\Component\\Console\\Application->doRun(Object(Symfony\\Component\\Console\\Input\\ArgvInput), Object(Symfony\\Component\\Console\\Output\\ConsoleOutput))
#17 D:\\alaya\\laragon\\www\\bitaqati-laravel-vue-project-backoffice\\bitaqati\\vendor\\laravel\\framework\\src\\Illuminate\\Foundation\\Console\\Kernel.php(201): Symfony\\Component\\Console\\Application->run(Object(Symfony\\Component\\Console\\Input\\ArgvInput), Object(Symfony\\Component\\Console\\Output\\ConsoleOutput))
#18 D:\\alaya\\laragon\\www\\bitaqati-laravel-vue-project-backoffice\\bitaqati\\artisan(37): Illuminate\\Foundation\\Console\\Kernel->handle(Object(Symfony\\Component\\Console\\Input\\ArgvInput), Object(Symfony\\Component\\Console\\Output\\ConsoleOutput))
#19 {main}
"} 
